<project xmlns="http://maven.apache.org/POM/4.0.0" xmlns:xsi="http://www.w3.org/2001/XMLSchema-instance" xsi:schemaLocation="http://maven.apache.org/POM/4.0.0 http://maven.apache.org/xsd/maven-4.0.0.xsd">
    <modelVersion>4.0.0</modelVersion>

    <groupId>org.example</groupId>
    <artifactId>bom</artifactId>
    <version>0.1.0-SNAPSHOT</version>
    <packaging>pom</packaging>

    <properties>
        <dummy-artifact-2.version>1.2.0-SNAPSHOT</dummy-artifact-2.version> <!-- override version in bom -->
    </properties>

    <build>
        <plugins>
            <plugin>
                <groupId>${project.groupId}</groupId>
                <artifactId>bom-maven-plugin</artifactId>
                <version>${project.version}</version>
                <executions>
                    <execution>
                        <goals>
                            <goal>import-properties</goal>
                        </goals>
                    </execution>
                </executions>
                <configuration>
                    <artifacts>
                        <dependency>
                            <groupId>org.example</groupId>
                            <artifactId>bom</artifactId>
                            <version>0.1.0-SNAPSHOT</version>
                        </dependency>
                    </artifacts>
                </configuration>
            </plugin>
        </plugins>
    </build>

</project>